09-Mar-2023 11:25:59.072 정보 [main] org.apache.catalina.startup.VersionLoggerListener.log 서버 버전 이름:    Apache Tomcat/9.0.72
09-Mar-2023 11:25:59.079 정보 [main] org.apache.catalina.startup.VersionLoggerListener.log Server 빌드 시각:  Feb 18 2023 09:25:13 UTC
09-Mar-2023 11:25:59.079 정보 [main] org.apache.catalina.startup.VersionLoggerListener.log Server 버전 번호:  9.0.72.0
09-Mar-2023 11:25:59.079 정보 [main] org.apache.catalina.startup.VersionLoggerListener.log 운영체제 이름:     Windows 10
09-Mar-2023 11:25:59.080 정보 [main] org.apache.catalina.startup.VersionLoggerListener.log 운영체제 버전:     10.0
09-Mar-2023 11:25:59.080 정보 [main] org.apache.catalina.startup.VersionLoggerListener.log 아키텍처:          amd64
09-Mar-2023 11:25:59.080 정보 [main] org.apache.catalina.startup.VersionLoggerListener.log 자바 홈:           C:\Program Files\RedHat\java-17-openjdk-17.0.6.0.10-1
09-Mar-2023 11:25:59.080 정보 [main] org.apache.catalina.startup.VersionLoggerListener.log JVM 버전:          17.0.6+10-LTS
09-Mar-2023 11:25:59.080 정보 [main] org.apache.catalina.startup.VersionLoggerListener.log JVM 벤더:          Red Hat, Inc.
09-Mar-2023 11:25:59.080 정보 [main] org.apache.catalina.startup.VersionLoggerListener.log CATALINA_BASE:     C:\Jsp\Tomcat9
09-Mar-2023 11:25:59.080 정보 [main] org.apache.catalina.startup.VersionLoggerListener.log CATALINA_HOME:     C:\Jsp\Tomcat9
09-Mar-2023 11:25:59.107 정보 [main] org.apache.catalina.startup.VersionLoggerListener.log 명령 행 아규먼트:  -Dcatalina.home=C:\Jsp\Tomcat9
09-Mar-2023 11:25:59.109 정보 [main] org.apache.catalina.startup.VersionLoggerListener.log 명령 행 아규먼트:  -Dcatalina.base=C:\Jsp\Tomcat9
09-Mar-2023 11:25:59.109 정보 [main] org.apache.catalina.startup.VersionLoggerListener.log 명령 행 아규먼트:  -Djava.io.tmpdir=C:\Jsp\Tomcat9\temp
09-Mar-2023 11:25:59.110 정보 [main] org.apache.catalina.startup.VersionLoggerListener.log 명령 행 아규먼트:  -Djava.util.logging.manager=org.apache.juli.ClassLoaderLogManager
09-Mar-2023 11:25:59.110 정보 [main] org.apache.catalina.startup.VersionLoggerListener.log 명령 행 아규먼트:  -Djava.util.logging.config.file=C:\Jsp\Tomcat9\conf\logging.properties
09-Mar-2023 11:25:59.111 정보 [main] org.apache.catalina.startup.VersionLoggerListener.log 명령 행 아규먼트:  --add-opens=java.base/java.lang=ALL-UNNAMED
09-Mar-2023 11:25:59.111 정보 [main] org.apache.catalina.startup.VersionLoggerListener.log 명령 행 아규먼트:  --add-opens=java.base/java.io=ALL-UNNAMED
09-Mar-2023 11:25:59.112 정보 [main] org.apache.catalina.startup.VersionLoggerListener.log 명령 행 아규먼트:  --add-opens=java.rmi/sun.rmi.transport=ALL-UNNAMED
09-Mar-2023 11:25:59.112 정보 [main] org.apache.catalina.startup.VersionLoggerListener.log 명령 행 아규먼트:  exit
09-Mar-2023 11:25:59.113 정보 [main] org.apache.catalina.startup.VersionLoggerListener.log 명령 행 아규먼트:  abort
09-Mar-2023 11:25:59.113 정보 [main] org.apache.catalina.startup.VersionLoggerListener.log 명령 행 아규먼트:  -Xms128m
09-Mar-2023 11:25:59.114 정보 [main] org.apache.catalina.startup.VersionLoggerListener.log 명령 행 아규먼트:  -Xmx256m
09-Mar-2023 11:25:59.127 정보 [main] org.apache.catalina.core.AprLifecycleListener.lifecycleEvent 프로덕션 환경들에서 최적의 성능을 제공하는, APR 기반 Apache Tomcat Native 라이브러리가, 다음 java.library.path에서 발견되지 않습니다: [C:\Jsp\Tomcat9\bin;C:\Windows\Sun\Java\bin;C:\Windows\system32;C:\Windows;C:\Program Files\RedHat\java-17-openjdk-17.0.6.0.10-1\bin;C:\oraclexe\app\oracle\product\11.2.0\server\bin;;C:\Windows\system32;C:\Windows;C:\Windows\System32\Wbem;C:\Windows\System32\WindowsPowerShell\v1.0\;C:\Windows\System32\OpenSSH\;C:\Program Files\Git\cmd;C:\Program Files\RedHat\java-17-openjdk-17.0.6.0.10-1\bin;C:\Users\dita810\AppData\Local\Microsoft\WindowsApps;C:\Users\dita810\AppData\Local\Programs\Microsoft VS Code\bin;C:\Users\programming\flutter_windows_3.7.6-stable\flutter\bin;.]
09-Mar-2023 11:25:59.398 정보 [main] org.apache.coyote.AbstractProtocol.init 프로토콜 핸들러 ["http-nio-80"]을(를) 초기화합니다.
09-Mar-2023 11:25:59.427 정보 [main] org.apache.catalina.startup.Catalina.load [550] 밀리초 내에 서버가 초기화되었습니다.
09-Mar-2023 11:25:59.488 정보 [main] org.apache.catalina.core.StandardService.startInternal 서비스 [Catalina]을(를) 시작합니다.
09-Mar-2023 11:25:59.490 정보 [main] org.apache.catalina.core.StandardEngine.startInternal 서버 엔진을 시작합니다: [Apache Tomcat/9.0.72]
09-Mar-2023 11:25:59.506 정보 [main] org.apache.catalina.startup.HostConfig.deployWAR 웹 애플리케이션 아카이브 [C:\Jsp\Tomcat9\webapps\myapp2.war]을(를) 배치합니다.
09-Mar-2023 11:25:59.885 정보 [main] org.apache.catalina.startup.HostConfig.deployWAR 웹 애플리케이션 아카이브 [C:\Jsp\Tomcat9\webapps\myapp2.war]의 배치가 [376] 밀리초에 완료되었습니다.
09-Mar-2023 11:25:59.888 정보 [main] org.apache.catalina.startup.HostConfig.deployDirectory 웹 애플리케이션 디렉토리 [C:\Jsp\Tomcat9\webapps\docs]을(를) 배치합니다.
09-Mar-2023 11:25:59.927 정보 [main] org.apache.catalina.startup.HostConfig.deployDirectory 웹 애플리케이션 디렉토리 [C:\Jsp\Tomcat9\webapps\docs]에 대한 배치가 [39] 밀리초에 완료되었습니다.
09-Mar-2023 11:25:59.930 정보 [main] org.apache.catalina.startup.HostConfig.deployDirectory 웹 애플리케이션 디렉토리 [C:\Jsp\Tomcat9\webapps\examples]을(를) 배치합니다.
09-Mar-2023 11:26:00.476 정보 [main] org.apache.catalina.startup.HostConfig.deployDirectory 웹 애플리케이션 디렉토리 [C:\Jsp\Tomcat9\webapps\examples]에 대한 배치가 [546] 밀리초에 완료되었습니다.
09-Mar-2023 11:26:00.478 정보 [main] org.apache.catalina.startup.HostConfig.deployDirectory 웹 애플리케이션 디렉토리 [C:\Jsp\Tomcat9\webapps\host-manager]을(를) 배치합니다.
09-Mar-2023 11:26:00.517 정보 [main] org.apache.catalina.startup.HostConfig.deployDirectory 웹 애플리케이션 디렉토리 [C:\Jsp\Tomcat9\webapps\host-manager]에 대한 배치가 [39] 밀리초에 완료되었습니다.
09-Mar-2023 11:26:00.519 정보 [main] org.apache.catalina.startup.HostConfig.deployDirectory 웹 애플리케이션 디렉토리 [C:\Jsp\Tomcat9\webapps\manager]을(를) 배치합니다.
09-Mar-2023 11:26:00.556 정보 [main] org.apache.catalina.startup.HostConfig.deployDirectory 웹 애플리케이션 디렉토리 [C:\Jsp\Tomcat9\webapps\manager]에 대한 배치가 [36] 밀리초에 완료되었습니다.
09-Mar-2023 11:26:00.558 정보 [main] org.apache.catalina.startup.HostConfig.deployDirectory 웹 애플리케이션 디렉토리 [C:\Jsp\Tomcat9\webapps\ROOT]을(를) 배치합니다.
09-Mar-2023 11:26:00.583 정보 [main] org.apache.catalina.startup.HostConfig.deployDirectory 웹 애플리케이션 디렉토리 [C:\Jsp\Tomcat9\webapps\ROOT]에 대한 배치가 [25] 밀리초에 완료되었습니다.
09-Mar-2023 11:26:00.588 정보 [main] org.apache.coyote.AbstractProtocol.start 프로토콜 핸들러 ["http-nio-80"]을(를) 시작합니다.
09-Mar-2023 11:26:00.645 정보 [main] org.apache.catalina.startup.Catalina.start 서버가 [1216] 밀리초 내에 시작되었습니다.
09-Mar-2023 11:31:31.691 정보 [Thread-2] org.apache.coyote.AbstractProtocol.pause 프로토콜 핸들러 ["http-nio-80"]을(를) 일시 정지 중
09-Mar-2023 11:31:31.703 정보 [Thread-2] org.apache.catalina.core.StandardService.stopInternal 서비스 [Catalina]을(를) 중지시킵니다.
09-Mar-2023 11:31:31.722 정보 [Thread-2] org.apache.coyote.AbstractProtocol.stop 프로토콜 핸들러 ["http-nio-80"]을(를) 중지시킵니다.
09-Mar-2023 11:31:31.727 정보 [Thread-2] org.apache.coyote.AbstractProtocol.destroy 프로토콜 핸들러 ["http-nio-80"]을(를) 소멸시킵니다.
