03-Mar-2023 15:59:31.398 정보 [main] org.apache.catalina.startup.VersionLoggerListener.log 서버 버전 이름:    Apache Tomcat/9.0.72
03-Mar-2023 15:59:31.416 정보 [main] org.apache.catalina.startup.VersionLoggerListener.log Server 빌드 시각:  Feb 18 2023 09:25:13 UTC
03-Mar-2023 15:59:31.416 정보 [main] org.apache.catalina.startup.VersionLoggerListener.log Server 버전 번호:  9.0.72.0
03-Mar-2023 15:59:31.416 정보 [main] org.apache.catalina.startup.VersionLoggerListener.log 운영체제 이름:     Windows 10
03-Mar-2023 15:59:31.416 정보 [main] org.apache.catalina.startup.VersionLoggerListener.log 운영체제 버전:     10.0
03-Mar-2023 15:59:31.416 정보 [main] org.apache.catalina.startup.VersionLoggerListener.log 아키텍처:          amd64
03-Mar-2023 15:59:31.416 정보 [main] org.apache.catalina.startup.VersionLoggerListener.log 자바 홈:           C:\Program Files\RedHat\java-17-openjdk-17.0.6.0.10-1
03-Mar-2023 15:59:31.416 정보 [main] org.apache.catalina.startup.VersionLoggerListener.log JVM 버전:          17.0.6+10-LTS
03-Mar-2023 15:59:31.416 정보 [main] org.apache.catalina.startup.VersionLoggerListener.log JVM 벤더:          Red Hat, Inc.
03-Mar-2023 15:59:31.416 정보 [main] org.apache.catalina.startup.VersionLoggerListener.log CATALINA_BASE:     C:\Jsp\Tomcat9
03-Mar-2023 15:59:31.416 정보 [main] org.apache.catalina.startup.VersionLoggerListener.log CATALINA_HOME:     C:\Jsp\Tomcat9
03-Mar-2023 15:59:31.425 정보 [main] org.apache.catalina.startup.VersionLoggerListener.log 명령 행 아규먼트:  -Dcatalina.home=C:\Jsp\Tomcat9
03-Mar-2023 15:59:31.425 정보 [main] org.apache.catalina.startup.VersionLoggerListener.log 명령 행 아규먼트:  -Dcatalina.base=C:\Jsp\Tomcat9
03-Mar-2023 15:59:31.425 정보 [main] org.apache.catalina.startup.VersionLoggerListener.log 명령 행 아규먼트:  -Djava.io.tmpdir=C:\Jsp\Tomcat9\temp
03-Mar-2023 15:59:31.425 정보 [main] org.apache.catalina.startup.VersionLoggerListener.log 명령 행 아규먼트:  -Djava.util.logging.manager=org.apache.juli.ClassLoaderLogManager
03-Mar-2023 15:59:31.425 정보 [main] org.apache.catalina.startup.VersionLoggerListener.log 명령 행 아규먼트:  -Djava.util.logging.config.file=C:\Jsp\Tomcat9\conf\logging.properties
03-Mar-2023 15:59:31.425 정보 [main] org.apache.catalina.startup.VersionLoggerListener.log 명령 행 아규먼트:  --add-opens=java.base/java.lang=ALL-UNNAMED
03-Mar-2023 15:59:31.425 정보 [main] org.apache.catalina.startup.VersionLoggerListener.log 명령 행 아규먼트:  --add-opens=java.base/java.io=ALL-UNNAMED
03-Mar-2023 15:59:31.425 정보 [main] org.apache.catalina.startup.VersionLoggerListener.log 명령 행 아규먼트:  --add-opens=java.rmi/sun.rmi.transport=ALL-UNNAMED
03-Mar-2023 15:59:31.425 정보 [main] org.apache.catalina.startup.VersionLoggerListener.log 명령 행 아규먼트:  exit
03-Mar-2023 15:59:31.425 정보 [main] org.apache.catalina.startup.VersionLoggerListener.log 명령 행 아규먼트:  abort
03-Mar-2023 15:59:31.425 정보 [main] org.apache.catalina.startup.VersionLoggerListener.log 명령 행 아규먼트:  -Xms128m
03-Mar-2023 15:59:31.425 정보 [main] org.apache.catalina.startup.VersionLoggerListener.log 명령 행 아규먼트:  -Xmx256m
03-Mar-2023 15:59:31.441 정보 [main] org.apache.catalina.core.AprLifecycleListener.lifecycleEvent 프로덕션 환경들에서 최적의 성능을 제공하는, APR 기반 Apache Tomcat Native 라이브러리가, 다음 java.library.path에서 발견되지 않습니다: [C:\Jsp\Tomcat9\bin;C:\Windows\Sun\Java\bin;C:\Windows\system32;C:\Windows;C:\Program Files\RedHat\java-17-openjdk-17.0.6.0.10-1\bin;C:\oraclexe\app\oracle\product\11.2.0\server\bin;;C:\Windows\system32;C:\Windows;C:\Windows\System32\Wbem;C:\Windows\System32\WindowsPowerShell\v1.0\;C:\Windows\System32\OpenSSH\;C:\Program Files\Git\cmd;C:\Program Files\RedHat\java-17-openjdk-17.0.6.0.10-1\bin;C:\Windows\ServiceProfiles\LocalService\AppData\Local\Microsoft\WindowsApps;.]
03-Mar-2023 15:59:31.722 정보 [main] org.apache.coyote.AbstractProtocol.init 프로토콜 핸들러 ["http-nio-80"]을(를) 초기화합니다.
03-Mar-2023 15:59:31.753 정보 [main] org.apache.catalina.startup.Catalina.load [564] 밀리초 내에 서버가 초기화되었습니다.
03-Mar-2023 15:59:31.816 정보 [main] org.apache.catalina.core.StandardService.startInternal 서비스 [Catalina]을(를) 시작합니다.
03-Mar-2023 15:59:31.816 정보 [main] org.apache.catalina.core.StandardEngine.startInternal 서버 엔진을 시작합니다: [Apache Tomcat/9.0.72]
03-Mar-2023 15:59:31.831 정보 [main] org.apache.catalina.startup.HostConfig.deployDirectory 웹 애플리케이션 디렉토리 [C:\Jsp\Tomcat9\webapps\docs]을(를) 배치합니다.
03-Mar-2023 15:59:32.237 정보 [main] org.apache.catalina.startup.HostConfig.deployDirectory 웹 애플리케이션 디렉토리 [C:\Jsp\Tomcat9\webapps\docs]에 대한 배치가 [391] 밀리초에 완료되었습니다.
03-Mar-2023 15:59:32.237 정보 [main] org.apache.catalina.startup.HostConfig.deployDirectory 웹 애플리케이션 디렉토리 [C:\Jsp\Tomcat9\webapps\examples]을(를) 배치합니다.
03-Mar-2023 15:59:32.956 정보 [main] org.apache.catalina.startup.HostConfig.deployDirectory 웹 애플리케이션 디렉토리 [C:\Jsp\Tomcat9\webapps\examples]에 대한 배치가 [719] 밀리초에 완료되었습니다.
03-Mar-2023 15:59:32.956 정보 [main] org.apache.catalina.startup.HostConfig.deployDirectory 웹 애플리케이션 디렉토리 [C:\Jsp\Tomcat9\webapps\host-manager]을(를) 배치합니다.
03-Mar-2023 15:59:33.003 정보 [main] org.apache.catalina.startup.HostConfig.deployDirectory 웹 애플리케이션 디렉토리 [C:\Jsp\Tomcat9\webapps\host-manager]에 대한 배치가 [47] 밀리초에 완료되었습니다.
03-Mar-2023 15:59:33.003 정보 [main] org.apache.catalina.startup.HostConfig.deployDirectory 웹 애플리케이션 디렉토리 [C:\Jsp\Tomcat9\webapps\manager]을(를) 배치합니다.
03-Mar-2023 15:59:33.065 정보 [main] org.apache.catalina.startup.HostConfig.deployDirectory 웹 애플리케이션 디렉토리 [C:\Jsp\Tomcat9\webapps\manager]에 대한 배치가 [62] 밀리초에 완료되었습니다.
03-Mar-2023 15:59:33.065 정보 [main] org.apache.catalina.startup.HostConfig.deployDirectory 웹 애플리케이션 디렉토리 [C:\Jsp\Tomcat9\webapps\ROOT]을(를) 배치합니다.
03-Mar-2023 15:59:33.097 정보 [main] org.apache.catalina.startup.HostConfig.deployDirectory 웹 애플리케이션 디렉토리 [C:\Jsp\Tomcat9\webapps\ROOT]에 대한 배치가 [32] 밀리초에 완료되었습니다.
03-Mar-2023 15:59:33.107 정보 [main] org.apache.coyote.AbstractProtocol.start 프로토콜 핸들러 ["http-nio-80"]을(를) 시작합니다.
03-Mar-2023 15:59:33.153 정보 [main] org.apache.catalina.startup.Catalina.start 서버가 [1394] 밀리초 내에 시작되었습니다.
03-Mar-2023 15:59:58.990 경고 [main] org.apache.catalina.core.StandardServer.await 유효하지 않은 셧다운 명령 [GET / HTTP/1.1]을(를) 받았습니다.
03-Mar-2023 16:00:00.076 경고 [main] org.apache.catalina.core.StandardServer.await 유효하지 않은 셧다운 명령 [GET / HTTP/1.1]을(를) 받았습니다.
03-Mar-2023 16:00:00.088 경고 [main] org.apache.catalina.core.StandardServer.await 유효하지 않은 셧다운 명령 [GET / HTTP/1.1]을(를) 받았습니다.
03-Mar-2023 16:00:00.392 경고 [main] org.apache.catalina.core.StandardServer.await 유효하지 않은 셧다운 명령 [GET / HTTP/1.1]을(를) 받았습니다.
03-Mar-2023 16:00:05.400 경고 [main] org.apache.catalina.core.StandardServer.await 유효하지 않은 셧다운 명령 [GET / HTTP/1.1]을(를) 받았습니다.
03-Mar-2023 16:00:05.714 경고 [main] org.apache.catalina.core.StandardServer.await 유효하지 않은 셧다운 명령 [GET / HTTP/1.1]을(를) 받았습니다.
